============================= test session starts ==============================
platform darwin -- Python 3.13.6, pytest-8.4.1, pluggy-1.6.0
benchmark: 5.1.0 (defaults: timer=time.perf_counter disable_gc=False min_rounds=5 min_time=0.000005 max_time=1.0 calibration_precision=10 warmup=False warmup_iterations=100000)
rootdir: /Users/romulusaugustus/dmv_scam_analysis
configfile: pytest.ini
testpaths: tests
plugins: Faker-37.5.3, asyncio-1.1.0, anyio-4.10.0, cov-6.2.1, mock-3.14.1, benchmark-5.1.0
asyncio: mode=Mode.STRICT, asyncio_default_fixture_loop_scope=None, asyncio_default_test_loop_scope=function
collected 134 items / 5 skipped

tests/functional/test_analysis_workflow.py ....                          [  2%]
tests/integration/test_ml_pipeline.py ........                           [  8%]
tests/performance/test_api_performance.py ........                       [ 14%]
tests/security/test_api_analyze_success_security.py .                    [ 15%]
tests/security/test_api_app_branches_security.py ...                     [ 17%]
tests/security/test_api_app_security.py ...                              [ 20%]
tests/security/test_api_auth_errors_security.py ...                      [ 22%]
tests/security/test_api_auth_rate_and_handlers_security.py .....         [ 26%]
tests/security/test_api_bruteforce_security.py .                         [ 26%]
tests/security/test_api_edgecases_security.py .....                      [ 30%]
tests/security/test_api_headers_and_handlers_security.py ....            [ 33%]
tests/security/test_api_headers_security.py ..                           [ 35%]
tests/security/test_api_middleware_security.py .                         [ 35%]
tests/security/test_api_permissions_security.py ..                       [ 37%]
tests/security/test_api_security.py ................                     [ 49%]
tests/security/test_config_manager_extra_security.py ..                  [ 50%]
tests/security/test_config_manager_security.py ....                      [ 53%]
tests/security/test_logger_security.py .                                 [ 54%]
tests/security/test_model_security.py ..........                         [ 61%]
tests/security/test_rate_limiter_extra_security.py .                     [ 62%]
tests/security/test_rate_limiter_security.py ...                         [ 64%]
tests/security/test_validation_security.py ...                           [ 67%]
tests/unit/test_api_error_paths.py ..                                    [ 68%]
tests/unit/test_behavioral_analyzer_analyze.py ..                        [ 70%]
tests/unit/test_behavioral_analyzer_small.py .                           [ 70%]
tests/unit/test_behavioral_analyzer_stats.py .                           [ 71%]
tests/unit/test_classifier_feature_extraction.py ..                      [ 73%]
tests/unit/test_config_manager.py .....                                  [ 76%]
tests/unit/test_config_manager_more.py ..                                [ 78%]
tests/unit/test_config_manager_roundtrip.py .                            [ 79%]
tests/unit/test_extractor_analyze_message_content.py .                   [ 79%]
tests/unit/test_extractor_read_messages.py ....                          [ 82%]
tests/unit/test_extractor_small.py .                                     [ 83%]
tests/unit/test_helpers_dataset.py ..                                    [ 85%]
tests/unit/test_jwt_exports.py ...                                       [ 87%]
tests/unit/test_logger_manager.py ...                                    [ 89%]
tests/unit/test_logger_utils.py ...                                      [ 91%]
tests/unit/test_logger_utils_more.py .                                   [ 92%]
tests/unit/test_rate_limiter.py .......                                  [ 97%]
tests/unit/test_validation_utils.py ...                                  [100%]

- generated xml file: /Users/romulusaugustus/dmv_scam_analysis/test-results/junit.xml -
================================ tests coverage ================================
_______________ coverage: platform darwin, python 3.13.6-final-0 _______________

Name                                            Stmts   Miss Branch BrPart  Cover   Missing
-------------------------------------------------------------------------------------------
src/dmv_scam_analysis/__init__.py                  16      9      8      0    29%   36-46
src/dmv_scam_analysis/analysis/__init__.py          3      0      0      0   100%
src/dmv_scam_analysis/analysis/behavioral.py      473    231    208     34    47%   78, 85->94, 100-101, 158-204, 219, 221->230, 223->230, 230->238, 232->238, 234, 236, 252->255, 255->264, 257->264, 264->272, 266->272, 268, 270, 287, 290, 308, 325, 329, 367->372, 394->417, 396->417, 453, 533, 639->638, 666, 669, 671, 673, 687, 698-699, 732-769, 798-816, 820-843, 857-862, 866-891, 905-919, 925-930, 934-948, 965-982, 994-1010, 1026-1055, 1063-1104, 1112-1117, 1125-1169, 1175-1212, 1219-1263
src/dmv_scam_analysis/api/__init__.py               0      0      0      0   100%
src/dmv_scam_analysis/api/app.py                  241     38     64      7    83%   47-75, 101->106, 103, 146-153, 192, 205, 216-219, 233-236, 302->308, 304-305, 310->314, 314->344, 355-356, 385
src/dmv_scam_analysis/core/__init__.py              0      0      0      0   100%
src/dmv_scam_analysis/core/classifier.py          749    283    306     54    57%   101, 106->111, 111->116, 116->121, 121->127, 161, 254-255, 305, 349->382, 370, 398-402, 405-407, 419, 449, 558-559, 591-592, 617, 627, 629, 652, 658, 676-677, 740, 787->802, 791-792, 797-800, 849, 859->869, 862->869, 865, 872, 882, 914-915, 921-926, 933, 959-966, 981-989, 1006-1022, 1034-1087, 1091-1101, 1107-1123, 1135-1158, 1162-1200, 1208-1215, 1221-1280, 1286-1332, 1337, 1389-1411, 1422->1426, 1434, 1444->1469, 1454-1467, 1470, 1475, 1487-1488, 1511-1512, 1532, 1540, 1553, 1557-1560, 1580, 1598-1603, 1621, 1639-1647, 1651->1657, 1690, 1701-1778
src/dmv_scam_analysis/core/extractor.py           249    133    102     16    47%   71->75, 72->71, 76, 97-100, 105, 109, 123-124, 125->127, 129->131, 153, 160, 165-170, 199->198, 205, 210, 252-258, 267-285, 300-336, 351, 368, 424-444, 457-469, 485-508, 520-546, 558-586, 590-596, 603-654
src/dmv_scam_analysis/utils/__init__.py             0      0      0      0   100%
src/dmv_scam_analysis/utils/config_manager.py     190     44     42      4    78%   26-28, 221-222, 272-273, 286, 311-312, 328, 346-347, 366->365, 369->exit, 400, 404, 408-409, 413-414, 442-444, 449-482
src/dmv_scam_analysis/utils/logger.py             151     33     24      5    76%   41-49, 69->68, 88, 114->135, 144, 161->exit, 257-258, 305-313, 339-374
src/dmv_scam_analysis/utils/rate_limiter.py        40      1      8      1    96%   111
src/dmv_scam_analysis/utils/test_helpers.py       107     57     32      3    41%   64-78, 104, 110->113, 172-191, 208, 236-237, 250-254, 270-285, 301-326, 343-357, 379-389, 405-417
src/dmv_scam_analysis/utils/validation.py          98      8     46      8    89%   61, 77, 97, 125, 164, 168->exit, 206->213, 209-210, 214
-------------------------------------------------------------------------------------------
TOTAL                                            2317    837    840    132    60%
Coverage HTML written to dir reports/ci/coverage_html
Coverage XML written to file reports/ci/coverage.xml
FAIL Required test coverage of 60% not reached. Total coverage: 59.99%

------------------------------------------------------------------------------------------ benchmark: 5 tests ------------------------------------------------------------------------------------------
Name (time in ms)                           Min                Max               Mean            StdDev             Median               IQR            Outliers       OPS            Rounds  Iterations
--------------------------------------------------------------------------------------------------------------------------------------------------------------------------------------------------------
test_database_performance                1.8126 (1.0)       3.1891 (1.0)       2.2422 (1.0)      0.2111 (1.0)       2.1881 (1.0)      0.2516 (1.0)         85;12  445.9973 (1.0)         381           1
test_stats_endpoint_response_time        1.9639 (1.08)     18.8215 (5.90)      2.5359 (1.13)     1.2276 (5.82)      2.3027 (1.05)     0.3961 (1.57)        11;19  394.3353 (0.88)        355           1
test_model_inference_time               17.0680 (9.42)     18.5545 (5.82)     17.7148 (7.90)     0.3049 (1.44)     17.6740 (8.08)     0.3592 (1.43)         15;1   56.4499 (0.13)         56           1
test_rate_limiter_performance           17.1689 (9.47)     18.7856 (5.89)     17.7909 (7.93)     0.3607 (1.71)     17.7565 (8.12)     0.5050 (2.01)         16;1   56.2085 (0.13)         56           1
test_analyze_endpoint_response_time     17.2615 (9.52)     18.0605 (5.66)     17.6719 (7.88)     0.3438 (1.63)     17.5660 (8.03)     0.5882 (2.34)          2;0   56.5871 (0.13)          5           1
--------------------------------------------------------------------------------------------------------------------------------------------------------------------------------------------------------

Legend:
  Outliers: 1 Standard Deviation from Mean; 1.5 IQR (InterQuartile Range) from 1st Quartile and 3rd Quartile.
  OPS: Operations Per Second, computed as 1 / Mean
============ 134 passed, 5 skipped, 33 warnings in 65.47s (0:01:05) ============
